<?xml version="1.0" encoding="UTF-8"?>
<!-- Generated by org.testng.reporters.JUnitXMLReporter -->
<testsuite hostname="LAPTOP-SR113PBD" ignored="0" name="Default test" tests="4" failures="0" timestamp="2021-06-21T15:03:20 IST" time="16.93" errors="0">
  <testcase name="fitness" time="7.013" classname="com.justdial.testcases.FitnessTestCases"/>
  <testcase name="fitnessMenu" time="0.111" classname="com.justdial.testcases.FitnessTestCases"/>
  <testcase name="gym" time="1.867" classname="com.justdial.testcases.FitnessTestCases"/>
  <testcase name="gymMenu" time="0.048" classname="com.justdial.testcases.FitnessTestCases"/>
</testsuite> <!-- Default test -->
