<?xml version="1.0" encoding="UTF-8"?>
<!-- Generated by org.testng.reporters.JUnitXMLReporter -->
<testsuite ignored="0" hostname="DESKTOP-VCLKQSN" failures="0" tests="4" name="Fitness" time="13.78" errors="0" timestamp="15 May 2021 08:39:06 GMT">
  <testcase classname="com.justdial.testcases.FitnessTestCases" name="fitness" time="3.459"/>
  <testcase classname="com.justdial.testcases.FitnessTestCases" name="fitnessMenu" time="0.091"/>
  <testcase classname="com.justdial.testcases.FitnessTestCases" name="gym" time="1.928"/>
  <testcase classname="com.justdial.testcases.FitnessTestCases" name="gymMenu" time="0.051"/>
</testsuite> <!-- Fitness -->
