<?xml version="1.0" encoding="UTF-8"?>
<!-- Generated by org.testng.reporters.JUnitXMLReporter -->
<testsuite ignored="0" hostname="DESKTOP-VCLKQSN" failures="0" tests="6" name="Freelisting" time="39.565" errors="0" timestamp="15 May 2021 08:38:53 GMT">
  <testcase classname="com.justdial.testcases.FreelistingTestCases" name="launch" time="8.406"/>
  <testcase classname="com.justdial.testcases.FreelistingTestCases" name="allNullValues" time="3.65"/>
  <testcase classname="com.justdial.testcases.FreelistingTestCases" name="companyNullValue" time="7.315"/>
  <testcase classname="com.justdial.testcases.FreelistingTestCases" name="mobileNullValue" time="4.977"/>
  <testcase classname="com.justdial.testcases.FreelistingTestCases" name="cityNullvalue" time="4.47"/>
  <testcase classname="com.justdial.testcases.FreelistingTestCases" name="validDataTest" time="1.658"/>
</testsuite> <!-- Freelisting -->
