<?xml version="1.0" encoding="UTF-8"?>
<!-- Generated by org.testng.reporters.JUnitXMLReporter -->
<testsuite ignored="0" hostname="DESKTOP-VCLKQSN" failures="0" tests="10" name="Homepage" time="103.331" errors="0" timestamp="15 May 2021 08:38:13 GMT">
  <testcase classname="com.justdial.testcases.HomepageTestCases" name="websiteTest" time="0.032"/>
  <testcase classname="com.justdial.testcases.HomepageTestCases" name="elementsTest" time="0.204"/>
  <testcase classname="com.justdial.testcases.HomepageTestCases" name="loginPageTest" time="2.515"/>
  <testcase classname="com.justdial.testcases.HomepageTestCases" name="locationTest" time="3.422"/>
  <testcase classname="com.justdial.testcases.HomepageTestCases" name="searchingTest" time="7.168"/>
  <testcase classname="com.justdial.testcases.HomepageTestCases" name="resultPageTest" time="0.034"/>
  <testcase classname="com.justdial.testcases.HomepageTestCases" name="bestdealsTest" time="3.7"/>
  <testcase classname="com.justdial.testcases.HomepageTestCases" name="ratingCheck" time="0.08"/>
  <testcase classname="com.justdial.testcases.HomepageTestCases" name="printData" time="65.13"/>
  <testcase classname="com.justdial.testcases.HomepageTestCases" name="dataFromMenubar" time="12.798"/>
</testsuite> <!-- Homepage -->
